This is TeX, Version 3.14159 (Web2C 7.3.1) (format=latex 2003.2.18)  10 MAR 2004 22:37
**./images.tex
(./images.tex
LaTeX2e <2001/06/01>
Babel <v3.7h> and hyphenation patterns for american, french, german, ngerman, i
talian, nohyphenation, loaded.

(/usr/share/texmf/tex/latex/base/book.cls
Document Class: book 2001/04/21 v1.4e Standard LaTeX document class
(/usr/share/texmf/tex/latex/base/bk10.clo
File: bk10.clo 2001/04/21 v1.4e Standard LaTeX file (size option)
)
\c@part=\count79
\c@chapter=\count80
\c@section=\count81
\c@subsection=\count82
\c@subsubsection=\count83
\c@paragraph=\count84
\c@subparagraph=\count85
\c@figure=\count86
\c@table=\count87
\abovecaptionskip=\skip41
\belowcaptionskip=\skip42
\bibindent=\dimen102
) (/usr/share/texmf/tex/latex/base/ifthen.sty
Package: ifthen 2001/05/26 v1.1c Standard LaTeX ifthen package (DPC)
) (/usr/share/texmf/tex/latex/hyperref/hyperref.sty
Package: hyperref 2002/08/04 v6.72v Hypertext links for LaTeX
(/usr/share/texmf/tex/latex/graphics/keyval.sty
Package: keyval 1999/03/16 v1.13 key=value parser (DPC)
\KV@toks@=\toks14
)
\@linkdim=\dimen103
\Hy@linkcounter=\count88
\Hy@pagecounter=\count89
(/usr/share/texmf/tex/latex/hyperref/pd1enc.def
File: pd1enc.def 2002/08/04 v6.72v Hyperref: PDFDocEncoding definition (HO)
)
Package hyperref Info: Bookmarks ON on input line 1797.
Package hyperref Info: Hyper figures OFF on input line 1816.
Package hyperref Info: Link nesting OFF on input line 1821.
Package hyperref Info: Hyper index ON on input line 1824.
Package hyperref Info: Plain pages ON on input line 1829.
Package hyperref Info: Backreferencing OFF on input line 1836.
Implicit mode ON; LaTeX internals redefined
(/usr/share/texmf/tex/latex/html/url.sty
Package: url 1999/03/02  ver 1.4  Verb mode for urls, email addresses, and file
 names
)
LaTeX Info: Redefining \url on input line 2048.
\Fld@menulength=\count90
\Field@Width=\dimen104
\Fld@charsize=\dimen105
\Choice@toks=\toks15
\Field@toks=\toks16
Package hyperref Info: Hyper figures OFF on input line 2506.
Package hyperref Info: Link nesting OFF on input line 2511.
Package hyperref Info: Hyper index ON on input line 2514.
Package hyperref Info: backreferencing OFF on input line 2521.
Package hyperref Info: Link coloring OFF on input line 2526.
\c@Item=\count91
\c@Hfootnote=\count92
)
*hyperref using default driver hypertex*
(/usr/share/texmf/tex/latex/hyperref/hypertex.def
File: hypertex.def 2002/08/04 v6.72v Hyperref driver for HyperTeX specials
) (/usr/share/texmf/tex/latex/graphics/graphicx.sty
Package: graphicx 1999/02/16 v1.0f Enhanced LaTeX Graphics (DPC,SPQR)
(/usr/share/texmf/tex/latex/graphics/graphics.sty
Package: graphics 2001/07/07 v1.0n Standard LaTeX Graphics (DPC,SPQR)
(/usr/share/texmf/tex/latex/graphics/trig.sty
Package: trig 1999/03/16 v1.09 sin cos tan (DPC)
) (/usr/share/texmf/tex/latex/config/graphics.cfg)
Package graphics Info: Driver file: dvips.def on input line 80.
(/usr/share/texmf/tex/latex/graphics/dvips.def
File: dvips.def 1999/02/16 v3.0i Driver-dependant file (DPC,SPQR)
))
\Gin@req@height=\dimen106
\Gin@req@width=\dimen107
) (/usr/share/texmf/tex/latex/amsmath/amsmath.sty
Package: amsmath 2000/07/18 v2.13 AMS math features
\@mathmargin=\skip43
For additional information on amsmath, use the `?' option.
(/usr/share/texmf/tex/latex/amsmath/amstext.sty
Package: amstext 2000/06/29 v2.01
(/usr/share/texmf/tex/latex/amsmath/amsgen.sty
File: amsgen.sty 1999/11/30 v2.0
\@emptytoks=\toks17
\ex@=\dimen108
)) (/usr/share/texmf/tex/latex/amsmath/amsbsy.sty
Package: amsbsy 1999/11/29 v1.2d
\pmbraise@=\dimen109
) (/usr/share/texmf/tex/latex/amsmath/amsopn.sty
Package: amsopn 1999/12/14 v2.01 operator names
)
\inf@bad=\count93
LaTeX Info: Redefining \frac on input line 211.
\uproot@=\count94
\leftroot@=\count95
LaTeX Info: Redefining \overline on input line 307.
\classnum@=\count96
\DOTSCASE@=\count97
LaTeX Info: Redefining \ldots on input line 379.
LaTeX Info: Redefining \dots on input line 382.
LaTeX Info: Redefining \cdots on input line 467.
\Mathstrutbox@=\box26
\strutbox@=\box27
\big@size=\dimen110
LaTeX Font Info:    Redeclaring font encoding OML on input line 567.
LaTeX Font Info:    Redeclaring font encoding OMS on input line 568.
\macc@depth=\count98
\c@MaxMatrixCols=\count99
\dotsspace@=\muskip10
\c@parentequation=\count100
\dspbrk@lvl=\count101
\tag@help=\toks18
\row@=\count102
\column@=\count103
\maxfields@=\count104
\andhelp@=\toks19
\eqnshift@=\dimen111
\alignsep@=\dimen112
\tagshift@=\dimen113
\tagwidth@=\dimen114
\totwidth@=\dimen115
\lineht@=\dimen116
\@envbody=\toks20
\multlinegap=\skip44
\multlinetaggap=\skip45
\mathdisplay@stack=\toks21
LaTeX Info: Redefining \[ on input line 2666.
LaTeX Info: Redefining \] on input line 2667.
) (/usr/share/texmf/tex/latex/html/html.sty
Package: html 1999/07/19 v1.38 hypertext commands for latex2html (nd, hws, rrm)

\c@lpart=\count105
\c@lchapter=\count106
\c@lsection=\count107
\c@lsubsection=\count108
\c@lsubsubsection=\count109
\c@lparagraph=\count110
\c@lsubparagraph=\count111
\c@lsubsubparagraph=\count112
\ptrfile=\write3
) (/usr/share/texmf/tex/latex/graphics/color.sty
Package: color 1999/02/16 v1.0i Standard LaTeX Color (DPC)
(/usr/share/texmf/tex/latex/config/color.cfg)
Package color Info: Driver file: dvips.def on input line 125.
(/usr/share/texmf/tex/latex/graphics/dvipsnam.def
File: dvipsnam.def 1999/02/16 v3.0i Driver-dependant file (DPC,SPQR)
)) (/usr/share/texmf/tex/latex/base/inputenc.sty
Package: inputenc 2001/07/10 v0.99a Input encoding file 
)
\sizebox=\box28
\lthtmlwrite=\write4
(images.aux)
\openout1 = `images.aux'.

LaTeX Font Info:    Checking defaults for OML/cmm/m/it on input line 130.
LaTeX Font Info:    ... okay on input line 130.
LaTeX Font Info:    Checking defaults for T1/cmr/m/n on input line 130.
LaTeX Font Info:    ... okay on input line 130.
LaTeX Font Info:    Checking defaults for OT1/cmr/m/n on input line 130.
LaTeX Font Info:    ... okay on input line 130.
LaTeX Font Info:    Checking defaults for OMS/cmsy/m/n on input line 130.
LaTeX Font Info:    ... okay on input line 130.
LaTeX Font Info:    Checking defaults for OMX/cmex/m/n on input line 130.
LaTeX Font Info:    ... okay on input line 130.
LaTeX Font Info:    Checking defaults for U/cmr/m/n on input line 130.
LaTeX Font Info:    ... okay on input line 130.
LaTeX Font Info:    Checking defaults for PD1/pdf/m/n on input line 130.
LaTeX Font Info:    ... okay on input line 130.
Package hyperref Info: Link coloring OFF on input line 130.
(/usr/share/texmf/tex/latex/hyperref/nameref.sty
Package: nameref 2001/01/27 v2.19 Cross-referencing by name of section
\c@section@level=\count113
)
LaTeX Info: Redefining \ref on input line 130.
LaTeX Info: Redefining \pageref on input line 130.

latex2htmlLength hsize=349.0pt

latex2htmlLength vsize=627.36243pt

latex2htmlLength hoffset=0.0pt

latex2htmlLength voffset=0.0pt

latex2htmlLength topmargin=0.0pt

latex2htmlLength topskip=0.00003pt

latex2htmlLength headheight=0.0pt

latex2htmlLength headsep=0.0pt

latex2htmlLength parskip=0.0pt plus 1.0pt

latex2htmlLength oddsidemargin=35.0pt

latex2htmlLength evensidemargin=89.0pt

l2hSize :tex2html_wrap_indisplay4400:8.0pt::8.0pt::137.44861pt.
[1



]
l2hSize :tex2html_wrap_indisplay4409:14.76508pt::14.76508pt::140.199pt.
[2


]
l2hSize :tex2html_wrap_indisplay4411:14.76508pt::14.76508pt::139.20477pt.
[3


]
l2hSize :tex2html_wrap_indisplay4413:14.20952pt::14.20952pt::142.97679pt.
[4


]
l2hSize :tex2html_wrap_indisplay4419:9.87892pt::9.87892pt::128.30293pt.
[5


]
l2hSize :tex2html_wrap_indisplay4421:9.49002pt::9.49002pt::144.59346pt.
[6


]
l2hSize :tex2html_wrap_indisplay4423:9.87892pt::9.87892pt::185.01207pt.
[7


]
l2hSize :tex2html_wrap_indisplay4429:14.76508pt::14.76508pt::140.199pt.
[8


]
l2hSize :tex2html_wrap_indisplay4431:11.57062pt::11.57062pt::139.20477pt.
[9


]
l2hSize :tex2html_wrap_indisplay4433:14.76508pt::14.76508pt::142.97679pt.
[10


]
l2hSize :tex2html_wrap_indisplay4439:8.0pt::8.0pt::211.02194pt.
[11


]
l2hSize :tex2html_wrap_indisplay4441:8.0pt::8.0pt::157.09059pt.
[12


]
l2hSize :tex2html_wrap_indisplay4443:8.0pt::8.0pt::157.09059pt.
[13


]
l2hSize :tex2html_wrap_indisplay4449:6.95831pt::6.95831pt::42.4271pt.
[14


]
l2hSize :tex2html_wrap_indisplay4455:14.76508pt::14.76508pt::148.5439pt.
[15


]
l2hSize :tex2html_wrap_indisplay4457:14.09839pt::14.09839pt::147.9571pt.
[16


]
l2hSize :tex2html_wrap_indisplay4459:8.0pt::8.0pt::137.44421pt.
[17


]
l2hSize :tex2html_wrap_indisplay4461:8.8611pt::8.8611pt::103.21175pt.
[18


]
l2hSize :tex2html_wrap_indisplay4463:9.38885pt::9.38885pt::82.34602pt.
[19


]
l2hSize :tex2html_wrap_indisplay4466:15.0001pt::15.0001pt::81.55568pt.
[20


]
l2hSize :tex2html_wrap_indisplay4468:15.0001pt::15.0001pt::51.87271pt.
[21


]
l2hSize :tex2html_wrap_indisplay4470:9.14003pt::9.14003pt::116.03111pt.
[22


]
l2hSize :tex2html_wrap_indisplay4472:8.0pt::8.0pt::101.57854pt.
[23


]
l2hSize :tex2html_wrap_indisplay4480:8.0pt::8.0pt::211.02194pt.
[24


]
l2hSize :tex2html_wrap_indisplay4482:8.0pt::8.0pt::157.09059pt.
[25


]
l2hSize :tex2html_wrap_indisplay4484:8.0pt::8.0pt::157.09059pt.
[26


]
l2hSize :tex2html_wrap_indisplay4490:8.0pt::8.0pt::211.02194pt.
[27


]
l2hSize :tex2html_wrap_indisplay4492:8.0pt::8.0pt::157.09059pt.
[28


]
l2hSize :tex2html_wrap_indisplay4494:8.0pt::8.0pt::157.09059pt.
[29


]
l2hSize :tex2html_wrap_indisplay4500:33.65558pt::33.65558pt::138.04033pt.
[30


]
l2hSize :tex2html_wrap_indisplay4502:33.74564pt::33.74564pt::154.08498pt.
[31


]
l2hSize :tex2html_wrap_indisplay4504:33.65558pt::33.65558pt::139.03456pt.
[32


]
l2hSize :tex2html_wrap_indisplay4506:33.74564pt::33.74564pt::143.05122pt.
[33


]
l2hSize :tex2html_wrap_indisplay4512:14.09839pt::14.09839pt::148.5439pt.
[34


]
l2hSize :tex2html_wrap_indisplay4514:14.76508pt::14.76508pt::147.9571pt.
[35


]
l2hSize :tex2html_wrap_indisplay4516:8.51782pt::8.51782pt::58.64235pt.
[36


] (/home/basu/FreeMat2/help/mtex/times.tex)
l2hSize :center4518:976.29013pt::0.0pt::349.0pt.

Underfull \vbox (badness 10000) has occurred while \output is active []

[37


]
Overfull \vbox (348.9277pt too high) has occurred while \output is active []

[38]
l2hSize :tex2html_wrap_indisplay4523:6.95831pt::6.95831pt::42.4271pt.
[39


]
l2hSize :tex2html_wrap_inline4574:7.33331pt::7.33331pt::30.9721pt.
[40


]
l2hSize :tex2html_wrap_inline4576:8.14003pt::0.0pt::13.47922pt.
[41


]
l2hSize :tex2html_wrap_indisplay4593:7.6428pt::7.6428pt::48.96175pt.
[42


]
l2hSize :tex2html_wrap_indisplay4595:17.01393pt::17.01393pt::45.29924pt.
[43


]
l2hSize :tex2html_wrap_indisplay4597:9.87892pt::9.87892pt::115.29225pt.
[44


]
l2hSize :tex2html_wrap_indisplay4603:14.65291pt::14.65291pt::66.49359pt.
[45


]
l2hSize :tex2html_wrap_indisplay4605:8.0pt::8.0pt::99.66023pt.
[46


]
l2hSize :tex2html_wrap_indisplay4612:13.86032pt::13.86032pt::155.926pt.
[47


]
l2hSize :tex2html_wrap_indisplay4614:8.0pt::8.0pt::75.375pt.
[48


]
l2hSize :tex2html_wrap_indisplay4620:12.00008pt::12.00008pt::139.49419pt.
[49


]
l2hSize :tex2html_wrap_indisplay4622:8.0pt::8.0pt::73.1528pt.
[50


]
l2hSize :tex2html_wrap_indisplay4628:13.86032pt::13.86032pt::166.6581pt.
[51


]
l2hSize :tex2html_wrap_indisplay4630:8.0pt::8.0pt::77.48618pt.
[52


]
l2hSize :tex2html_wrap_indisplay4636:18.00014pt::18.00014pt::149.35437pt.
[53


]
l2hSize :tex2html_wrap_indisplay4638:8.0pt::8.0pt::111.64589pt.
[54


]
l2hSize :tex2html_wrap_indisplay4644:17.01393pt::17.01393pt::97.6605pt.
[55


]
l2hSize :tex2html_wrap_indisplay4646:7.44444pt::7.44444pt::170.67343pt.
[56


]
l2hSize :tex2html_wrap_indisplay4652:11.57062pt::11.57062pt::57.7193pt.
[57


]
l2hSize :tex2html_wrap_indisplay4654:14.20952pt::14.20952pt::124.50473pt.
[58


]
l2hSize :tex2html_wrap_indisplay4660:13.70952pt::13.70952pt::58.88596pt.
[59


]
l2hSize :tex2html_wrap_indisplay4666:13.70952pt::13.70952pt::59.99706pt.
[60


]
l2hSize :tex2html_wrap_indisplay4672:17.01393pt::17.01393pt::117.0217pt.
[61


]
l2hSize :tex2html_wrap_indisplay4674:7.44444pt::7.44444pt::174.67409pt.
[62


]
l2hSize :tex2html_wrap_indisplay4680:15.4051pt::15.4051pt::126.02177pt.
[63


]
l2hSize :tex2html_wrap_indisplay4682:13.94366pt::13.94366pt::58.83043pt.
[64


]
l2hSize :tex2html_wrap_indisplay4684:14.20952pt::14.20952pt::125.61586pt.
[65


]
l2hSize :tex2html_wrap_indisplay4698:6.95831pt::6.95831pt::27.7222pt.
[66


]
l2hSize :tex2html_wrap_indisplay4700:7.33331pt::7.33331pt::31.05559pt.
[67


]
l2hSize :tex2html_wrap_indisplay4702:6.95831pt::6.95831pt::28.00807pt.
[68


]
l2hSize :tex2html_wrap_indisplay4704:7.44444pt::7.44444pt::70.53578pt.
[69


]
l2hSize :tex2html_wrap_indisplay4708:7.44444pt::7.44444pt::78.31358pt.
[70


]
l2hSize :tex2html_wrap_indisplay4710:8.0pt::8.0pt::25.50008pt.
[71


]
l2hSize :tex2html_wrap_indisplay4714:8.0pt::8.0pt::20.50008pt.
[72


]
l2hSize :tex2html_wrap_indisplay4716:6.95831pt::6.95831pt::21.05556pt.
[73


]
l2hSize :tex2html_wrap_indisplay4729:18.78339pt::18.78339pt::334.78781pt.
[74


]
l2hSize :tex2html_wrap_indisplay4735:18.78339pt::18.78339pt::386.65572pt.

Overfull \hbox (40.65573pt too wide) in paragraph at lines 921--922
[]|[] 
 []

[75


]
l2hSize :tex2html_wrap_indisplay4737:18.78339pt::18.78339pt::195.21477pt.
[76


] (/home/basu/FreeMat2/help/mtex/float.tex)
l2hSize :center4780:689.9165pt::0.0pt::349.0pt.

Underfull \vbox (badness 10000) has occurred while \output is active []

[77


]
Overfull \vbox (62.55408pt too high) has occurred while \output is active []

[78]
l2hSize :tex2html_wrap_indisplay4813:19.1042pt::19.1042pt::323.50893pt.
[79


]
l2hSize :tex2html_wrap_indisplay4825:8.02776pt::8.02776pt::328.43997pt.
[80


]
l2hSize :tex2html_wrap_indisplay4827:8.02776pt::8.02776pt::342.12514pt.
[81


]
Overfull \hbox (44.27861pt too wide) detected at line 1054
\OML/cmm/m/it/10 y\OT1/cmr/m/n/10 (\OML/cmm/m/it/10 m[]; [] ; m[]; \OT1/cmr/m/n
/10 1\OML/cmm/m/it/10 ; m[]; [] ; m[]\OT1/cmr/m/n/10 ) = []
 []

l2hSize :displaymath4829:31.00029pt::0.0pt::349.0pt.
[82


]
l2hSize :tex2html_wrap_indisplay4835:8.02776pt::8.02776pt::326.49551pt.
[83


]
l2hSize :tex2html_wrap_indisplay4837:8.02776pt::8.02776pt::340.18068pt.
[84


]
l2hSize :tex2html_wrap_indisplay4844:13.52782pt::13.52782pt::319.82881pt.
[85


]
l2hSize :tex2html_wrap_indisplay4853:13.52782pt::13.52782pt::321.49548pt.
[86


]
l2hSize :tex2html_wrap_indisplay4862:8.0pt::8.0pt::153.36635pt.
[87


]
l2hSize :tex2html_wrap_indisplay4881:13.78076pt::13.78076pt::104.34435pt.
[88


]
l2hSize :tex2html_wrap_indisplay4945:7.44444pt::7.44444pt::39.72794pt.
[89


]
l2hSize :tex2html_wrap_indisplay4947:7.33331pt::7.33331pt::46.00133pt.
[90


]
l2hSize :tex2html_wrap_indisplay4949:8.0pt::8.0pt::195.12721pt.
[91


]
l2hSize :tex2html_wrap_indisplay4955:17.01393pt::17.01393pt::364.60828pt.

Overfull \hbox (18.60829pt too wide) in paragraph at lines 1235--1236
[]|[] 
 []

[92


]
l2hSize :tex2html_wrap_indisplay4957:17.01393pt::17.01393pt::368.42723pt.

Overfull \hbox (22.42725pt too wide) in paragraph at lines 1244--1245
[]|[] 
 []

[93


]
l2hSize :tex2html_wrap_indisplay4959:17.48616pt::17.48616pt::52.52553pt.
[94


]
l2hSize :tex2html_wrap_indisplay4961:17.48616pt::17.48616pt::53.7645pt.
[95


]
l2hSize :tex2html_wrap_indisplay4967:7.33331pt::7.33331pt::47.60706pt.
[96


]
l2hSize :tex2html_wrap_indisplay4969:18.78339pt::18.78339pt::75.94029pt.
[97


]
l2hSize :tex2html_wrap_indisplay4971:8.0pt::8.0pt::146.29506pt.
[98


]
l2hSize :tex2html_wrap_indisplay4999:12.32779pt::12.32779pt::217.03253pt.
[99


]
l2hSize :tex2html_wrap_inline5001:8.0pt::8.0pt::20.07756pt.
[100


]
l2hSize :tex2html_wrap_inline5003:6.45831pt::0.0pt::6.2153pt.
[101


]
l2hSize :tex2html_wrap_indisplay5005:13.0984pt::13.0984pt::88.86626pt.
[102


]
l2hSize :tex2html_wrap_inline5009:8.0pt::8.0pt::43.27785pt.
[103


]
l2hSize :tex2html_wrap_indisplay5021:8.0pt::8.0pt::47.30663pt.
[104


] (images.aux) ) 
Here is how much of TeX's memory you used:
 3114 strings out of 20880
 39597 string characters out of 196184
 97281 words of memory out of 350001
 6081 multiletter control sequences out of 10000+15000
 5175 words of font info for 20 fonts, out of 400000 for 1000
 14 hyphenation exceptions out of 10000
 27i,10n,26p,322b,361s stack positions out of 3000i,100n,1500p,50000b,4000s

Output written on images.dvi (104 pages, 45564 bytes).
