This file contains any messages produced by compilers while
running configure, to aid debugging if configure makes a mistake.

It was created by libffi configure 2.1, which was
generated by GNU Autoconf 2.59.  Invocation command line was

  $ ./configure --prefix=/usr/local --cache-file=/dev/null --srcdir=.

## --------- ##
## Platform. ##
## --------- ##

hostname = localhost.localdomain
uname -m = i686
uname -r = 2.4.22-rc2-ac3
uname -s = Linux
uname -v = #5 Sun Aug 17 21:21:56 EDT 2003

/usr/bin/uname -p = unknown
/bin/uname -X     = unknown

/bin/arch              = i686
/usr/bin/arch -k       = unknown
/usr/convex/getsysinfo = unknown
hostinfo               = unknown
/bin/machine           = unknown
/usr/bin/oslevel       = unknown
/bin/universe          = unknown

PATH: /usr/local/bin
PATH: /bin
PATH: /usr/bin
PATH: /usr/X11R6/bin
PATH: /home/basu/bin
PATH: /home/basu/bin


## ----------- ##
## Core tests. ##
## ----------- ##

configure:1328: checking build system type
configure:1346: result: i686-pc-linux-gnu
configure:1354: checking host system type
configure:1368: result: i686-pc-linux-gnu
configure:1376: checking target system type
configure:1390: result: i686-pc-linux-gnu
configure:1420: checking for a BSD-compatible install
configure:1475: result: /usr/bin/install -c
configure:1486: checking whether build environment is sane
configure:1529: result: yes
configure:1586: checking for gawk
configure:1602: found /bin/gawk
configure:1612: result: gawk
configure:1622: checking whether make sets $(MAKE)
configure:1642: result: yes
configure:1852: checking for gcc
configure:1868: found /usr/bin/gcc
configure:1878: result: gcc
configure:2122: checking for C compiler version
configure:2125: gcc --version </dev/null >&5
gcc (GCC) 3.2.2 20030222 (Red Hat Linux 3.2.2-5)
Copyright (C) 2002 Free Software Foundation, Inc.
This is free software; see the source for copying conditions.  There is NO
warranty; not even for MERCHANTABILITY or FITNESS FOR A PARTICULAR PURPOSE.

configure:2128: $? = 0
configure:2130: gcc -v </dev/null >&5
Reading specs from /usr/lib/gcc-lib/i386-redhat-linux/3.2.2/specs
Configured with: ../configure --prefix=/usr --mandir=/usr/share/man --infodir=/usr/share/info --enable-shared --enable-threads=posix --disable-checking --with-system-zlib --enable-__cxa_atexit --host=i386-redhat-linux
Thread model: posix
gcc version 3.2.2 20030222 (Red Hat Linux 3.2.2-5)
configure:2133: $? = 0
configure:2135: gcc -V </dev/null >&5
gcc: argument to `-V' is missing
configure:2138: $? = 1
configure:2161: checking for C compiler default output file name
configure:2164: gcc    conftest.c  >&5
configure:2167: $? = 0
configure:2213: result: a.out
configure:2218: checking whether the C compiler works
configure:2224: ./a.out
configure:2227: $? = 0
configure:2244: result: yes
configure:2251: checking whether we are cross compiling
configure:2253: result: no
configure:2256: checking for suffix of executables
configure:2258: gcc -o conftest    conftest.c  >&5
configure:2261: $? = 0
configure:2286: result: 
configure:2292: checking for suffix of object files
configure:2313: gcc -c   conftest.c >&5
configure:2316: $? = 0
configure:2338: result: o
configure:2342: checking whether we are using the GNU C compiler
configure:2366: gcc -c   conftest.c >&5
configure:2372: $? = 0
configure:2376: test -z 
			 || test ! -s conftest.err
configure:2379: $? = 0
configure:2382: test -s conftest.o
configure:2385: $? = 0
configure:2398: result: yes
configure:2404: checking whether gcc accepts -g
configure:2425: gcc -c -g  conftest.c >&5
configure:2431: $? = 0
configure:2435: test -z 
			 || test ! -s conftest.err
configure:2438: $? = 0
configure:2441: test -s conftest.o
configure:2444: $? = 0
configure:2455: result: yes
configure:2472: checking for gcc option to accept ANSI C
configure:2542: gcc  -c -g -O2  conftest.c >&5
configure:2548: $? = 0
configure:2552: test -z 
			 || test ! -s conftest.err
configure:2555: $? = 0
configure:2558: test -s conftest.o
configure:2561: $? = 0
configure:2579: result: none needed
configure:2597: gcc -c -g -O2  conftest.c >&5
conftest.c:2: parse error before "me"
configure:2603: $? = 1
configure: failed program was:
| #ifndef __cplusplus
|   choke me
| #endif
configure:2747: checking for style of include used by make
configure:2775: result: GNU
configure:2803: checking dependency style of gcc
configure:2888: result: gcc3
configure:2916: checking whether gcc and cc understand -c and -o together
configure:2946: gcc -c conftest.c -o conftest.o >&5
configure:2949: $? = 0
configure:2951: gcc -c conftest.c -o conftest.o >&5
configure:2954: $? = 0
configure:2961: cc -c conftest.c >&5
configure:2964: $? = 0
configure:2967: cc -c conftest.c -o conftest.o >&5
configure:2970: $? = 0
configure:2972: cc -c conftest.c -o conftest.o >&5
configure:2975: $? = 0
configure:2993: result: yes
configure:3059: checking for ranlib
configure:3075: found /usr/bin/ranlib
configure:3086: result: ranlib
configure:3106: checking whether read-only mmap of a plain file works
configure:3123: result: yes
configure:3125: checking whether mmap from /dev/zero works
configure:3147: result: yes
configure:3151: checking for MAP_ANON(YMOUS)
configure:3179: gcc -c -g -O2  conftest.c >&5
configure:3185: $? = 0
configure:3189: test -z 
			 || test ! -s conftest.err
configure:3192: $? = 0
configure:3195: test -s conftest.o
configure:3198: $? = 0
configure:3209: result: yes
configure:3215: checking whether mmap with MAP_ANON(YMOUS) works
configure:3232: result: yes
configure:3495: checking how to run the C preprocessor
configure:3530: gcc -E  conftest.c
configure:3536: $? = 0
configure:3568: gcc -E  conftest.c
conftest.c:14:28: ac_nonexistent.h: No such file or directory
configure:3574: $? = 1
configure: failed program was:
| /* confdefs.h.  */
| 
| #define PACKAGE_NAME "libffi"
| #define PACKAGE_TARNAME "libffi"
| #define PACKAGE_VERSION "2.1"
| #define PACKAGE_STRING "libffi 2.1"
| #define PACKAGE_BUGREPORT "http://gcc.gnu.org/bugs.html"
| #define PACKAGE "libffi"
| #define VERSION "2.1"
| #define HAVE_MMAP_FILE 1
| #define HAVE_MMAP_DEV_ZERO 1
| #define HAVE_MMAP_ANON 1
| /* end confdefs.h.  */
| #include <ac_nonexistent.h>
configure:3613: result: gcc -E
configure:3637: gcc -E  conftest.c
configure:3643: $? = 0
configure:3675: gcc -E  conftest.c
conftest.c:14:28: ac_nonexistent.h: No such file or directory
configure:3681: $? = 1
configure: failed program was:
| /* confdefs.h.  */
| 
| #define PACKAGE_NAME "libffi"
| #define PACKAGE_TARNAME "libffi"
| #define PACKAGE_VERSION "2.1"
| #define PACKAGE_STRING "libffi 2.1"
| #define PACKAGE_BUGREPORT "http://gcc.gnu.org/bugs.html"
| #define PACKAGE "libffi"
| #define VERSION "2.1"
| #define HAVE_MMAP_FILE 1
| #define HAVE_MMAP_DEV_ZERO 1
| #define HAVE_MMAP_ANON 1
| /* end confdefs.h.  */
| #include <ac_nonexistent.h>
configure:3725: checking for egrep
configure:3735: result: grep -E
configure:3740: checking for ANSI C header files
configure:3765: gcc -c -g -O2  conftest.c >&5
configure:3771: $? = 0
configure:3775: test -z 
			 || test ! -s conftest.err
configure:3778: $? = 0
configure:3781: test -s conftest.o
configure:3784: $? = 0
configure:3870: gcc -o conftest -g -O2   conftest.c  >&5
configure:3873: $? = 0
configure:3875: ./conftest
configure:3878: $? = 0
configure:3893: result: yes
configure:3907: checking for memcpy
configure:3964: gcc -o conftest -g -O2   conftest.c  >&5
conftest.c:39: warning: conflicting types for built-in function `memcpy'
configure:3970: $? = 0
configure:3974: test -z 
			 || test ! -s conftest.err
configure:3977: $? = 0
configure:3980: test -s conftest
configure:3983: $? = 0
configure:3995: result: yes
configure:4007: checking for working alloca.h
configure:4028: gcc -o conftest -g -O2   conftest.c  >&5
configure:4034: $? = 0
configure:4038: test -z 
			 || test ! -s conftest.err
configure:4041: $? = 0
configure:4044: test -s conftest
configure:4047: $? = 0
configure:4059: result: yes
configure:4069: checking for alloca
configure:4110: gcc -o conftest -g -O2   conftest.c  >&5
configure:4116: $? = 0
configure:4120: test -z 
			 || test ! -s conftest.err
configure:4123: $? = 0
configure:4126: test -s conftest
configure:4129: $? = 0
configure:4141: result: yes
configure:4365: checking size of double
configure:4390: gcc -c -g -O2  conftest.c >&5
conftest.c: In function `main':
conftest.c:25: duplicate case value
conftest.c:25: previously used here
configure:4396: $? = 1
configure: failed program was:
| /* confdefs.h.  */
| 
| #define PACKAGE_NAME "libffi"
| #define PACKAGE_TARNAME "libffi"
| #define PACKAGE_VERSION "2.1"
| #define PACKAGE_STRING "libffi 2.1"
| #define PACKAGE_BUGREPORT "http://gcc.gnu.org/bugs.html"
| #define PACKAGE "libffi"
| #define VERSION "2.1"
| #define HAVE_MMAP_FILE 1
| #define HAVE_MMAP_DEV_ZERO 1
| #define HAVE_MMAP_ANON 1
| #define STDC_HEADERS 1
| #define HAVE_MEMCPY 1
| #define HAVE_ALLOCA_H 1
| #define HAVE_ALLOCA 1
| /* end confdefs.h.  */
| #include "confdefs.h"
| #include <sys/types.h>
| 
| 
| int
| main ()
| {
| switch (0) case 0: case (sizeof (double) == 4):;
|   ;
|   return 0;
| }
configure:4390: gcc -c -g -O2  conftest.c >&5
configure:4396: $? = 0
configure:4400: test -z 
			 || test ! -s conftest.err
configure:4403: $? = 0
configure:4406: test -s conftest.o
configure:4409: $? = 0
configure:4428: result: 8
configure:4436: checking size of long double
configure:4461: gcc -c -g -O2  conftest.c >&5
conftest.c: In function `main':
conftest.c:26: duplicate case value
conftest.c:26: previously used here
configure:4467: $? = 1
configure: failed program was:
| /* confdefs.h.  */
| 
| #define PACKAGE_NAME "libffi"
| #define PACKAGE_TARNAME "libffi"
| #define PACKAGE_VERSION "2.1"
| #define PACKAGE_STRING "libffi 2.1"
| #define PACKAGE_BUGREPORT "http://gcc.gnu.org/bugs.html"
| #define PACKAGE "libffi"
| #define VERSION "2.1"
| #define HAVE_MMAP_FILE 1
| #define HAVE_MMAP_DEV_ZERO 1
| #define HAVE_MMAP_ANON 1
| #define STDC_HEADERS 1
| #define HAVE_MEMCPY 1
| #define HAVE_ALLOCA_H 1
| #define HAVE_ALLOCA 1
| #define SIZEOF_DOUBLE 8
| /* end confdefs.h.  */
| #include "confdefs.h"
| #include <sys/types.h>
| 
| 
| int
| main ()
| {
| switch (0) case 0: case (sizeof (long double) == 4):;
|   ;
|   return 0;
| }
configure:4461: gcc -c -g -O2  conftest.c >&5
conftest.c: In function `main':
conftest.c:26: duplicate case value
conftest.c:26: previously used here
configure:4467: $? = 1
configure: failed program was:
| /* confdefs.h.  */
| 
| #define PACKAGE_NAME "libffi"
| #define PACKAGE_TARNAME "libffi"
| #define PACKAGE_VERSION "2.1"
| #define PACKAGE_STRING "libffi 2.1"
| #define PACKAGE_BUGREPORT "http://gcc.gnu.org/bugs.html"
| #define PACKAGE "libffi"
| #define VERSION "2.1"
| #define HAVE_MMAP_FILE 1
| #define HAVE_MMAP_DEV_ZERO 1
| #define HAVE_MMAP_ANON 1
| #define STDC_HEADERS 1
| #define HAVE_MEMCPY 1
| #define HAVE_ALLOCA_H 1
| #define HAVE_ALLOCA 1
| #define SIZEOF_DOUBLE 8
| /* end confdefs.h.  */
| #include "confdefs.h"
| #include <sys/types.h>
| 
| 
| int
| main ()
| {
| switch (0) case 0: case (sizeof (long double) == 8):;
|   ;
|   return 0;
| }
configure:4461: gcc -c -g -O2  conftest.c >&5
conftest.c: In function `main':
conftest.c:26: duplicate case value
conftest.c:26: previously used here
configure:4467: $? = 1
configure: failed program was:
| /* confdefs.h.  */
| 
| #define PACKAGE_NAME "libffi"
| #define PACKAGE_TARNAME "libffi"
| #define PACKAGE_VERSION "2.1"
| #define PACKAGE_STRING "libffi 2.1"
| #define PACKAGE_BUGREPORT "http://gcc.gnu.org/bugs.html"
| #define PACKAGE "libffi"
| #define VERSION "2.1"
| #define HAVE_MMAP_FILE 1
| #define HAVE_MMAP_DEV_ZERO 1
| #define HAVE_MMAP_ANON 1
| #define STDC_HEADERS 1
| #define HAVE_MEMCPY 1
| #define HAVE_ALLOCA_H 1
| #define HAVE_ALLOCA 1
| #define SIZEOF_DOUBLE 8
| /* end confdefs.h.  */
| #include "confdefs.h"
| #include <sys/types.h>
| 
| 
| int
| main ()
| {
| switch (0) case 0: case (sizeof (long double) == 1):;
|   ;
|   return 0;
| }
configure:4461: gcc -c -g -O2  conftest.c >&5
conftest.c: In function `main':
conftest.c:26: duplicate case value
conftest.c:26: previously used here
configure:4467: $? = 1
configure: failed program was:
| /* confdefs.h.  */
| 
| #define PACKAGE_NAME "libffi"
| #define PACKAGE_TARNAME "libffi"
| #define PACKAGE_VERSION "2.1"
| #define PACKAGE_STRING "libffi 2.1"
| #define PACKAGE_BUGREPORT "http://gcc.gnu.org/bugs.html"
| #define PACKAGE "libffi"
| #define VERSION "2.1"
| #define HAVE_MMAP_FILE 1
| #define HAVE_MMAP_DEV_ZERO 1
| #define HAVE_MMAP_ANON 1
| #define STDC_HEADERS 1
| #define HAVE_MEMCPY 1
| #define HAVE_ALLOCA_H 1
| #define HAVE_ALLOCA 1
| #define SIZEOF_DOUBLE 8
| /* end confdefs.h.  */
| #include "confdefs.h"
| #include <sys/types.h>
| 
| 
| int
| main ()
| {
| switch (0) case 0: case (sizeof (long double) == 2):;
|   ;
|   return 0;
| }
configure:4461: gcc -c -g -O2  conftest.c >&5
conftest.c: In function `main':
conftest.c:26: duplicate case value
conftest.c:26: previously used here
configure:4467: $? = 1
configure: failed program was:
| /* confdefs.h.  */
| 
| #define PACKAGE_NAME "libffi"
| #define PACKAGE_TARNAME "libffi"
| #define PACKAGE_VERSION "2.1"
| #define PACKAGE_STRING "libffi 2.1"
| #define PACKAGE_BUGREPORT "http://gcc.gnu.org/bugs.html"
| #define PACKAGE "libffi"
| #define VERSION "2.1"
| #define HAVE_MMAP_FILE 1
| #define HAVE_MMAP_DEV_ZERO 1
| #define HAVE_MMAP_ANON 1
| #define STDC_HEADERS 1
| #define HAVE_MEMCPY 1
| #define HAVE_ALLOCA_H 1
| #define HAVE_ALLOCA 1
| #define SIZEOF_DOUBLE 8
| /* end confdefs.h.  */
| #include "confdefs.h"
| #include <sys/types.h>
| 
| 
| int
| main ()
| {
| switch (0) case 0: case (sizeof (long double) == 16):;
|   ;
|   return 0;
| }
configure:4461: gcc -c -g -O2  conftest.c >&5
configure:4467: $? = 0
configure:4471: test -z 
			 || test ! -s conftest.err
configure:4474: $? = 0
configure:4477: test -s conftest.o
configure:4480: $? = 0
configure:4499: result: 12
configure:4659: checking whether .eh_frame section should be read-only
configure:4678: result: yes
configure:5019: creating ./config.status

## ---------------------- ##
## Running config.status. ##
## ---------------------- ##

This file was extended by libffi config.status 2.1, which was
generated by GNU Autoconf 2.59.  Invocation command line was

  CONFIG_FILES    = 
  CONFIG_HEADERS  = 
  CONFIG_LINKS    = 
  CONFIG_COMMANDS = 
  $ ./config.status 

on localhost.localdomain

config.status:760: creating include/Makefile
config.status:760: creating include/ffi.h
config.status:760: creating Makefile
config.status:760: creating testsuite/Makefile
config.status:864: creating fficonfig.h
config.status:974: fficonfig.h is unchanged
config.status:1053: linking ./src/x86/ffitarget.h to include/ffitarget.h
config.status:1290: executing depfiles commands
config.status:1290: executing include commands
config.status:1290: executing src commands

## ---------------- ##
## Cache variables. ##
## ---------------- ##

ac_cv_build=i686-pc-linux-gnu
ac_cv_build_alias=i686-pc-linux-gnu
ac_cv_c_compiler_gnu=yes
ac_cv_decl_map_anon=yes
ac_cv_env_CCASFLAGS_set=
ac_cv_env_CCASFLAGS_value=
ac_cv_env_CCAS_set=
ac_cv_env_CCAS_value=
ac_cv_env_CC_set=
ac_cv_env_CC_value=
ac_cv_env_CFLAGS_set=
ac_cv_env_CFLAGS_value=
ac_cv_env_CPPFLAGS_set=
ac_cv_env_CPPFLAGS_value=
ac_cv_env_CPP_set=
ac_cv_env_CPP_value=
ac_cv_env_LDFLAGS_set=
ac_cv_env_LDFLAGS_value=
ac_cv_env_build_alias_set=
ac_cv_env_build_alias_value=
ac_cv_env_host_alias_set=
ac_cv_env_host_alias_value=
ac_cv_env_target_alias_set=
ac_cv_env_target_alias_value=
ac_cv_exeext=
ac_cv_func_alloca_works=yes
ac_cv_func_memcpy=yes
ac_cv_func_mmap_anon=yes
ac_cv_func_mmap_dev_zero=yes
ac_cv_func_mmap_file=yes
ac_cv_header_stdc=yes
ac_cv_host=i686-pc-linux-gnu
ac_cv_host_alias=i686-pc-linux-gnu
ac_cv_objext=o
ac_cv_path_install='/usr/bin/install -c'
ac_cv_prog_AWK=gawk
ac_cv_prog_CPP='gcc -E'
ac_cv_prog_ac_ct_CC=gcc
ac_cv_prog_ac_ct_RANLIB=ranlib
ac_cv_prog_cc_g=yes
ac_cv_prog_cc_gcc_c_o=yes
ac_cv_prog_cc_stdc=
ac_cv_prog_egrep='grep -E'
ac_cv_prog_make_make_set=yes
ac_cv_sizeof_double=8
ac_cv_sizeof_long_double=12
ac_cv_target=i686-pc-linux-gnu
ac_cv_target_alias=i686-pc-linux-gnu
ac_cv_working_alloca_h=yes
am_cv_CC_dependencies_compiler_type=gcc3
libffi_cv_ro_eh_frame=yes

## ----------------- ##
## Output variables. ##
## ----------------- ##

ACLOCAL='${SHELL} /home/basu/FreeMat2/missing --run aclocal-1.8'
ALLOCA=''
ALPHA_FALSE=''
ALPHA_TRUE='#'
AMDEPBACKSLASH='\'
AMDEP_FALSE='#'
AMDEP_TRUE=''
AMTAR='${SHELL} /home/basu/FreeMat2/missing --run tar'
AM_RUNTESTFLAGS=''
ARM_FALSE=''
ARM_TRUE='#'
AUTOCONF='${SHELL} /home/basu/FreeMat2/missing --run autoconf'
AUTOHEADER='${SHELL} /home/basu/FreeMat2/missing --run autoheader'
AUTOMAKE='${SHELL} /home/basu/FreeMat2/missing --run automake-1.8'
AWK='gawk'
CC='gcc'
CCAS='gcc'
CCASFLAGS='-g -O2'
CCDEPMODE='depmode=gcc3'
CFLAGS='-g -O2'
CPP='gcc -E'
CPPFLAGS=''
CYGPATH_W='echo'
DEFS='-DHAVE_CONFIG_H'
DEPDIR='.deps'
ECHO_C=''
ECHO_N='-n'
ECHO_T=''
EGREP='grep -E'
EXEEXT=''
HAVE_LONG_DOUBLE='1'
IA64_FALSE=''
IA64_TRUE='#'
INSTALL_DATA='${INSTALL} -m 644'
INSTALL_PROGRAM='${INSTALL}'
INSTALL_SCRIPT='${INSTALL}'
INSTALL_STRIP_PROGRAM='${SHELL} $(install_sh) -c -s'
LDFLAGS=''
LIBOBJS=''
LIBS=''
LTLIBOBJS=''
M68K_FALSE=''
M68K_TRUE='#'
MAKEINFO='${SHELL} /home/basu/FreeMat2/missing --run makeinfo'
MIPS_IRIX_FALSE=''
MIPS_IRIX_TRUE='#'
MIPS_LINUX_FALSE=''
MIPS_LINUX_TRUE='#'
OBJEXT='o'
PACKAGE='libffi'
PACKAGE_BUGREPORT='http://gcc.gnu.org/bugs.html'
PACKAGE_NAME='libffi'
PACKAGE_STRING='libffi 2.1'
PACKAGE_TARNAME='libffi'
PACKAGE_VERSION='2.1'
PATH_SEPARATOR=':'
PA_FALSE=''
PA_TRUE='#'
POWERPC_AIX_FALSE=''
POWERPC_AIX_TRUE='#'
POWERPC_DARWIN_FALSE=''
POWERPC_DARWIN_TRUE='#'
POWERPC_FALSE=''
POWERPC_TRUE='#'
RANLIB='ranlib'
S390_FALSE=''
S390_TRUE='#'
SET_MAKE=''
SH64_FALSE=''
SH64_TRUE='#'
SHELL='/bin/sh'
SH_FALSE=''
SH_TRUE='#'
SPARC_FALSE=''
SPARC_TRUE='#'
STRIP=''
TARGET='X86'
TARGETDIR='x86'
TESTSUBDIR_FALSE='#'
TESTSUBDIR_TRUE=''
VERSION='2.1'
X86_64_FALSE=''
X86_64_TRUE='#'
X86_FALSE='#'
X86_TRUE=''
X86_WIN32_FALSE=''
X86_WIN32_TRUE='#'
ac_ct_CC='gcc'
ac_ct_RANLIB='ranlib'
ac_ct_STRIP=''
am__fastdepCC_FALSE='#'
am__fastdepCC_TRUE=''
am__include='include'
am__leading_dot='.'
am__quote=''
bindir='${exec_prefix}/bin'
build='i686-pc-linux-gnu'
build_alias=''
build_cpu='i686'
build_os='linux-gnu'
build_vendor='pc'
datadir='${prefix}/share'
exec_prefix='${prefix}'
gcc_version=''
host='i686-pc-linux-gnu'
host_alias=''
host_cpu='i686'
host_os='linux-gnu'
host_vendor='pc'
includedir='${prefix}/include'
infodir='${prefix}/info'
install_sh='/home/basu/FreeMat2/install-sh'
libdir='${exec_prefix}/lib'
libexecdir='${exec_prefix}/libexec'
localstatedir='${prefix}/var'
mandir='${prefix}/man'
mkdir_p='mkdir -p -- .'
oldincludedir='/usr/include'
prefix='/usr/local'
program_transform_name='s,x,x,'
sbindir='${exec_prefix}/sbin'
sharedstatedir='${prefix}/com'
sysconfdir='${prefix}/etc'
target='i686-pc-linux-gnu'
target_alias=''
target_cpu='i686'
target_os='linux-gnu'
target_vendor='pc'
tool_include_dir=''
toolexecdir='$(libdir)/gcc-lib/$(target_alias)'
toolexeclibdir='$(libdir)'

## ----------- ##
## confdefs.h. ##
## ----------- ##

#define EH_FRAME_FLAGS "a"
#define HAVE_ALLOCA 1
#define HAVE_ALLOCA_H 1
#define HAVE_LONG_DOUBLE 1
#define HAVE_MEMCPY 1
#define HAVE_MMAP_ANON 1
#define HAVE_MMAP_DEV_ZERO 1
#define HAVE_MMAP_FILE 1
#define HAVE_RO_EH_FRAME 1
#define PACKAGE "libffi"
#define PACKAGE_BUGREPORT "http://gcc.gnu.org/bugs.html"
#define PACKAGE_NAME "libffi"
#define PACKAGE_STRING "libffi 2.1"
#define PACKAGE_TARNAME "libffi"
#define PACKAGE_VERSION "2.1"
#define SIZEOF_DOUBLE 8
#define SIZEOF_LONG_DOUBLE 12
#define STDC_HEADERS 1
#define VERSION "2.1"

configure: exit 0
