This is TeX, Version 3.14159 (Web2C 7.4.5) (format=latex 2003.11.25)  15 FEB 2004 15:13
**./images.tex
(./images.tex
LaTeX2e <2001/06/01>
Babel <v3.7h> and hyphenation patterns for american, french, german, ngerman, n
ohyphenation, loaded.

(/sw/share/texmf/tex/latex/base/book.cls
Document Class: book 2001/04/21 v1.4e Standard LaTeX document class
(/sw/share/texmf/tex/latex/base/bk10.clo
File: bk10.clo 2001/04/21 v1.4e Standard LaTeX file (size option)
)
\c@part=\count79
\c@chapter=\count80
\c@section=\count81
\c@subsection=\count82
\c@subsubsection=\count83
\c@paragraph=\count84
\c@subparagraph=\count85
\c@figure=\count86
\c@table=\count87
\abovecaptionskip=\skip41
\belowcaptionskip=\skip42
\bibindent=\dimen102
) (/sw/share/texmf/tex/latex/base/ifthen.sty
Package: ifthen 2001/05/26 v1.1c Standard LaTeX ifthen package (DPC)
) (/sw/share/texmf/tex/latex/hyperref/hyperref.sty
Package: hyperref 2003/01/22 v6.73n Hypertext links for LaTeX
(/sw/share/texmf/tex/latex/graphics/keyval.sty
Package: keyval 1999/03/16 v1.13 key=value parser (DPC)
\KV@toks@=\toks14
)
\@linkdim=\dimen103
\Hy@linkcounter=\count88
\Hy@pagecounter=\count89
(/sw/share/texmf/tex/latex/hyperref/pd1enc.def
File: pd1enc.def 2003/01/22 v6.73n Hyperref: PDFDocEncoding definition (HO)
) (/sw/share/texmf/tex/latex/config/hyperref.cfg
File: hyperref.cfg 2002/06/06 v1.2 hyperref configuration of TeXLive and teTeX
)
Package hyperref Info: Hyper figures OFF on input line 1792.
Package hyperref Info: Link nesting OFF on input line 1797.
Package hyperref Info: Hyper index ON on input line 1800.
Package hyperref Info: Plain pages ON on input line 1805.
Package hyperref Info: Backreferencing OFF on input line 1812.
Implicit mode ON; LaTeX internals redefined
Package hyperref Info: Bookmarks ON on input line 1916.
(/sw/share/texmf-local/tex/latex/html/url.sty
Package: url 1999/03/02  ver 1.4  Verb mode for urls, email addresses, and file
 names
)
LaTeX Info: Redefining \url on input line 2055.
\Fld@menulength=\count90
\Field@Width=\dimen104
\Fld@charsize=\dimen105
\Choice@toks=\toks15
\Field@toks=\toks16
Package hyperref Info: Hyper figures OFF on input line 2513.
Package hyperref Info: Link nesting OFF on input line 2518.
Package hyperref Info: Hyper index ON on input line 2521.
Package hyperref Info: backreferencing OFF on input line 2528.
Package hyperref Info: Link coloring OFF on input line 2533.
\c@Item=\count91
\c@Hfootnote=\count92
)
*hyperref using default driver hdvips*
(/sw/share/texmf/tex/latex/hyperref/hdvips.def
File: hdvips.def 2003/01/22 v6.73n Hyperref driver for dvips
(/sw/share/texmf/tex/latex/hyperref/pdfmark.def
File: pdfmark.def 2003/01/22 v6.73n Hyperref definitions for pdfmark specials
\pdf@docset=\toks17
\pdf@box=\box26
\pdf@toks=\toks18
\pdf@defaulttoks=\toks19
\Fld@listcount=\count93
\@outlinefile=\write3
)) (/sw/share/texmf/tex/latex/graphics/graphicx.sty
Package: graphicx 1999/02/16 v1.0f Enhanced LaTeX Graphics (DPC,SPQR)
(/sw/share/texmf/tex/latex/graphics/graphics.sty
Package: graphics 2001/07/07 v1.0n Standard LaTeX Graphics (DPC,SPQR)
(/sw/share/texmf/tex/latex/graphics/trig.sty
Package: trig 1999/03/16 v1.09 sin cos tan (DPC)
) (/sw/share/texmf/tex/latex/config/graphics.cfg
File: graphics.cfg 2001/08/31 v1.1 graphics configuration of teTeX/TeXLive
)
Package graphics Info: Driver file: dvips.def on input line 80.
(/sw/share/texmf/tex/latex/graphics/dvips.def
File: dvips.def 1999/02/16 v3.0i Driver-dependant file (DPC,SPQR)
))
\Gin@req@height=\dimen106
\Gin@req@width=\dimen107
) (/sw/share/texmf/tex/latex/amsmath/amsmath.sty
Package: amsmath 2000/07/18 v2.13 AMS math features
\@mathmargin=\skip43
For additional information on amsmath, use the `?' option.
(/sw/share/texmf/tex/latex/amsmath/amstext.sty
Package: amstext 2000/06/29 v2.01
(/sw/share/texmf/tex/latex/amsmath/amsgen.sty
File: amsgen.sty 1999/11/30 v2.0
\@emptytoks=\toks20
\ex@=\dimen108
)) (/sw/share/texmf/tex/latex/amsmath/amsbsy.sty
Package: amsbsy 1999/11/29 v1.2d
\pmbraise@=\dimen109
) (/sw/share/texmf/tex/latex/amsmath/amsopn.sty
Package: amsopn 1999/12/14 v2.01 operator names
)
\inf@bad=\count94
LaTeX Info: Redefining \frac on input line 211.
\uproot@=\count95
\leftroot@=\count96
LaTeX Info: Redefining \overline on input line 307.
\classnum@=\count97
\DOTSCASE@=\count98
LaTeX Info: Redefining \ldots on input line 379.
LaTeX Info: Redefining \dots on input line 382.
LaTeX Info: Redefining \cdots on input line 467.
\Mathstrutbox@=\box27
\strutbox@=\box28
\big@size=\dimen110
LaTeX Font Info:    Redeclaring font encoding OML on input line 567.
LaTeX Font Info:    Redeclaring font encoding OMS on input line 568.
\macc@depth=\count99
\c@MaxMatrixCols=\count100
\dotsspace@=\muskip10
\c@parentequation=\count101
\dspbrk@lvl=\count102
\tag@help=\toks21
\row@=\count103
\column@=\count104
\maxfields@=\count105
\andhelp@=\toks22
\eqnshift@=\dimen111
\alignsep@=\dimen112
\tagshift@=\dimen113
\tagwidth@=\dimen114
\totwidth@=\dimen115
\lineht@=\dimen116
\@envbody=\toks23
\multlinegap=\skip44
\multlinetaggap=\skip45
\mathdisplay@stack=\toks24
LaTeX Info: Redefining \[ on input line 2666.
LaTeX Info: Redefining \] on input line 2667.
) (/sw/share/texmf/tex/latex/graphics/color.sty
Package: color 1999/02/16 v1.0i Standard LaTeX Color (DPC)
(/sw/share/texmf/tex/latex/config/color.cfg
File: color.cfg 2001/08/31 v1.1 color configuration of teTeX/TeXLive
)
Package color Info: Driver file: dvips.def on input line 125.
(/sw/share/texmf/tex/latex/graphics/dvipsnam.def
File: dvipsnam.def 1999/02/16 v3.0i Driver-dependant file (DPC,SPQR)
)) (/sw/share/texmf/tex/latex/base/inputenc.sty
Package: inputenc 2001/07/10 v0.99a Input encoding file 
(/sw/share/texmf/tex/latex/base/latin1.def
File: latin1.def 2001/07/10 v0.99a Input encoding file 
))
\sizebox=\box29
\lthtmlwrite=\write4
(./images.aux)
\openout1 = `images.aux'.

LaTeX Font Info:    Checking defaults for OML/cmm/m/it on input line 131.
LaTeX Font Info:    ... okay on input line 131.
LaTeX Font Info:    Checking defaults for T1/cmr/m/n on input line 131.
LaTeX Font Info:    ... okay on input line 131.
LaTeX Font Info:    Checking defaults for OT1/cmr/m/n on input line 131.
LaTeX Font Info:    ... okay on input line 131.
LaTeX Font Info:    Checking defaults for OMS/cmsy/m/n on input line 131.
LaTeX Font Info:    ... okay on input line 131.
LaTeX Font Info:    Checking defaults for OMX/cmex/m/n on input line 131.
LaTeX Font Info:    ... okay on input line 131.
LaTeX Font Info:    Checking defaults for U/cmr/m/n on input line 131.
LaTeX Font Info:    ... okay on input line 131.
LaTeX Font Info:    Checking defaults for PD1/pdf/m/n on input line 131.
LaTeX Font Info:    ... okay on input line 131.
Package hyperref Info: Link coloring OFF on input line 131.
(/sw/share/texmf/tex/latex/hyperref/nameref.sty
Package: nameref 2001/01/27 v2.19 Cross-referencing by name of section
\c@section@level=\count106
)
LaTeX Info: Redefining \ref on input line 131.
LaTeX Info: Redefining \pageref on input line 131.
\openout3 = `images.out'.


latex2htmlLength hsize=349.0pt

latex2htmlLength vsize=627.36243pt

latex2htmlLength hoffset=0.0pt

latex2htmlLength voffset=0.0pt

latex2htmlLength topmargin=0.0pt

latex2htmlLength topskip=0.00003pt

latex2htmlLength headheight=0.0pt

latex2htmlLength headsep=0.0pt

latex2htmlLength parskip=0.0pt plus 1.0pt

latex2htmlLength oddsidemargin=35.0pt

latex2htmlLength evensidemargin=89.0pt

l2hSize :tex2html_wrap_inline4249:6.45831pt::0.0pt::5.78592pt.
[1



]
l2hSize :tex2html_wrap_inline4251:6.94444pt::0.0pt::4.79169pt.
[2


]
l2hSize :tex2html_wrap_inline4253:6.45831pt::0.0pt::6.50238pt.
[3


]
l2hSize :tex2html_wrap_inline4255:6.95831pt::6.95831pt::5.76163pt.
[4


]
l2hSize :tex2html_wrap_inline4273:8.0pt::8.0pt::30.50008pt.
[5


]
l2hSize :tex2html_wrap_inline4275:8.0pt::8.0pt::48.27791pt.
[6


]
l2hSize :tex2html_wrap_inline4277:8.0pt::8.0pt::40.5001pt.
[7


]
l2hSize :tex2html_wrap_inline4279:8.0pt::8.0pt::68.27797pt.
[8


]
l2hSize :tex2html_wrap_inline4281:8.0pt::8.0pt::65.50018pt.
[9


]
l2hSize :tex2html_wrap_inline4283:8.0pt::8.0pt::118.27812pt.
[10


]
l2hSize :tex2html_wrap_indisplay4286:8.0pt::8.0pt::211.02194pt.
[11


]
l2hSize :tex2html_wrap_indisplay4290:8.0pt::8.0pt::157.09059pt.
[12


]
l2hSize :tex2html_wrap_indisplay4294:8.0pt::8.0pt::157.09059pt.
[13


]
l2hSize :tex2html_wrap_indisplay4336:8.0pt::8.0pt::211.02194pt.
[14


]
l2hSize :tex2html_wrap_indisplay4340:8.0pt::8.0pt::157.09059pt.
[15


]
l2hSize :tex2html_wrap_indisplay4344:8.0pt::8.0pt::157.09059pt.
[16


]
l2hSize :tex2html_wrap_indisplay4374:8.0pt::8.0pt::211.02194pt.
[17


]
l2hSize :tex2html_wrap_indisplay4378:8.0pt::8.0pt::157.09059pt.
[18


]
l2hSize :tex2html_wrap_indisplay4382:8.0pt::8.0pt::157.09059pt.
[19


]
l2hSize :tex2html_wrap_indisplay4412:14.76508pt::14.76508pt::140.199pt.
[20


]
l2hSize :tex2html_wrap_indisplay4416:11.57062pt::11.57062pt::139.20477pt.
[21


]
l2hSize :tex2html_wrap_indisplay4420:14.76508pt::14.76508pt::142.97679pt.
[22


]
l2hSize :tex2html_wrap_inline4423:8.0pt::8.0pt::15.50008pt.
[23


]
l2hSize :tex2html_wrap_indisplay4453:14.76508pt::14.76508pt::140.199pt.
[24


]
l2hSize :tex2html_wrap_indisplay4457:14.76508pt::14.76508pt::139.20477pt.
[25


]
l2hSize :tex2html_wrap_indisplay4461:14.20952pt::14.20952pt::142.97679pt.
[26


]
l2hSize :tex2html_wrap_inline4464:8.0pt::8.0pt::15.50008pt.
[27


]
l2hSize :tex2html_wrap_inline4466:6.45831pt::0.0pt::5.50005pt.
[28


]
l2hSize :tex2html_wrap_indisplay4511:9.87892pt::9.87892pt::128.30293pt.
[29


]
l2hSize :tex2html_wrap_indisplay4513:9.49002pt::9.49002pt::144.59346pt.
[30


]
l2hSize :tex2html_wrap_indisplay4515:9.87892pt::9.87892pt::185.01207pt.
[31


]
l2hSize :tex2html_wrap_inline4522:7.33331pt::7.33331pt::32.6388pt.
[32


]
l2hSize :tex2html_wrap_inline4526:7.33331pt::7.33331pt::32.6388pt.
[33


]
l2hSize :tex2html_wrap_indisplay4529:6.95831pt::6.95831pt::42.4271pt.
[34


]
l2hSize :tex2html_wrap_inline4531:6.95831pt::6.95831pt::14.8207pt.
[35


]
l2hSize :tex2html_wrap_inline4533:6.59525pt::0.0pt::3.94516pt.
[36


]
l2hSize :tex2html_wrap_inline4535:7.09525pt::7.09525pt::5.19052pt.
[37


]
l2hSize :tex2html_wrap_inline4572:7.44444pt::7.44444pt::14.52199pt.
[38


]
l2hSize :tex2html_wrap_inline4576:7.33331pt::7.33331pt::32.72215pt.
[39


]
l2hSize :tex2html_wrap_inline4580:7.33331pt::7.33331pt::31.05547pt.
[40


]
l2hSize :tex2html_wrap_indisplay4597:8.0pt::8.0pt::157.09059pt.
[41


]
l2hSize :tex2html_wrap_indisplay4601:18.78339pt::18.78339pt::122.15753pt.
[42


]
l2hSize :tex2html_wrap_inline4606:6.83331pt::0.0pt::8.00005pt.
[43


]
l2hSize :tex2html_wrap_inline4608:6.83331pt::0.0pt::8.58684pt.
[44


]
l2hSize :tex2html_wrap_inline4610:6.83331pt::0.0pt::8.52782pt.
[45


]
l2hSize :tex2html_wrap_inline4636:7.33331pt::7.33331pt::20.53127pt.
[46


]
l2hSize :tex2html_wrap_inline4644:7.33331pt::7.33331pt::30.3194pt.
[47


]
l2hSize :tex2html_wrap_inline4646:7.33331pt::7.33331pt::28.73607pt.
[48


]
l2hSize :tex2html_wrap_inline4662:6.83331pt::0.0pt::46.89221pt.
[49


]
l2hSize :tex2html_wrap_inline4666:6.83331pt::0.0pt::46.89221pt.
[50


]
l2hSize :tex2html_wrap_indisplay4669:14.76508pt::14.76508pt::148.5439pt.
[51


]
l2hSize :tex2html_wrap_indisplay4671:14.09839pt::14.09839pt::147.9571pt.
[52


]
l2hSize :tex2html_wrap_inline4677:6.83331pt::0.0pt::37.44786pt.
[53


]
l2hSize :tex2html_wrap_indisplay4679:8.0pt::8.0pt::137.44421pt.
[54


]
l2hSize :tex2html_wrap_inline4681:6.95831pt::6.95831pt::8.73213pt.
[55


]
l2hSize :tex2html_wrap_inline4685:7.44444pt::7.44444pt::8.12097pt.
[56


]
l2hSize :tex2html_wrap_indisplay4705:8.8611pt::8.8611pt::103.21175pt.
[57


]
l2hSize :tex2html_wrap_inline4707:7.44444pt::7.44444pt::34.2158pt.
[58


]
l2hSize :tex2html_wrap_indisplay4713:9.38885pt::9.38885pt::82.34602pt.
[59


]
l2hSize :tex2html_wrap_inline4717:7.44444pt::7.44444pt::37.18631pt.
[60


]
l2hSize :tex2html_wrap_indisplay4722:15.0001pt::15.0001pt::81.55568pt.
[61


]
l2hSize :tex2html_wrap_inline4724:6.95831pt::6.95831pt::28.22221pt.
[62


]
l2hSize :tex2html_wrap_inline4726:6.95831pt::6.95831pt::28.22221pt.
[63


]
l2hSize :tex2html_wrap_inline4728:8.0pt::8.0pt::20.50005pt.
[64


]
l2hSize :tex2html_wrap_inline4730:8.0pt::8.0pt::20.50005pt.
[65


]
l2hSize :tex2html_wrap_indisplay4732:15.0001pt::15.0001pt::51.87271pt.
[66


]
l2hSize :tex2html_wrap_inline4734:8.0pt::8.0pt::18.2026pt.
[67


]
l2hSize :tex2html_wrap_indisplay4736:9.14003pt::9.14003pt::116.03111pt.
[68


]
l2hSize :tex2html_wrap_indisplay4742:8.0pt::8.0pt::101.57854pt.
[69


]
l2hSize :tex2html_wrap_inline4744:6.95831pt::6.95831pt::29.09488pt.
[70


]
l2hSize :tex2html_wrap_inline4746:8.0pt::8.0pt::34.0949pt.
[71


]
l2hSize :tex2html_wrap_inline4784:7.33331pt::7.33331pt::32.72215pt.
[72


]
l2hSize :tex2html_wrap_inline4788:7.33331pt::7.33331pt::30.3194pt.
[73


]
l2hSize :tex2html_wrap_indisplay4801:14.09839pt::14.09839pt::148.5439pt.
[74


]
l2hSize :tex2html_wrap_indisplay4803:14.76508pt::14.76508pt::147.9571pt.
[75


]
l2hSize :tex2html_wrap_indisplay4805:8.51782pt::8.51782pt::58.64235pt.
[76


]
l2hSize :tex2html_wrap_inline4807:6.83331pt::0.0pt::37.44786pt.
[77


]
l2hSize :tex2html_wrap_indisplay4837:33.65558pt::33.65558pt::138.04033pt.
[78


]
l2hSize :tex2html_wrap_indisplay4843:33.74564pt::33.74564pt::154.08498pt.
[79


]
l2hSize :tex2html_wrap_indisplay4851:33.65558pt::33.65558pt::139.03456pt.
[80


]
l2hSize :tex2html_wrap_indisplay4857:33.74564pt::33.74564pt::143.05122pt.
[81


]
l2hSize :tex2html_wrap_inline4860:6.95831pt::6.95831pt::22.7222pt.
[82


]
l2hSize :tex2html_wrap_indisplay4881:6.95831pt::6.95831pt::42.4271pt.
[83


]
l2hSize :tex2html_wrap_inline4935:6.45831pt::0.0pt::6.2153pt.
[84


]
l2hSize :tex2html_wrap_inline4941:6.45831pt::0.0pt::8.27783pt.
[85


]
l2hSize :tex2html_wrap_inline4951:8.0pt::8.0pt::3.27782pt.
[86


]
l2hSize :tex2html_wrap_inline4959:6.94444pt::0.0pt::8.27783pt.
[87


]
l2hSize :tex2html_wrap_inline4976:6.45831pt::0.0pt::4.82759pt.
[88


]
l2hSize :tex2html_wrap_inline4978:6.94444pt::0.0pt::16.2604pt.
[89


]
l2hSize :tex2html_wrap_inline4982:8.0pt::8.0pt::36.1435pt.
[90


]
l2hSize :tex2html_wrap_indisplay4990:8.0pt::8.0pt::137.44861pt.
[91


]
l2hSize :tex2html_wrap_inline4992:7.44444pt::7.44444pt::53.74065pt.
[92


]
l2hSize :tex2html_wrap_inline4999:6.45831pt::0.0pt::15.50008pt.
[93


]
l2hSize :tex2html_wrap_inline5001:7.33331pt::7.33331pt::30.9721pt.
[94


]
l2hSize :tex2html_wrap_inline5003:8.14003pt::0.0pt::13.47922pt.
[95


]
l2hSize :tex2html_wrap_inline5010:7.44444pt::7.44444pt::13.41672pt.
[96


]
l2hSize :tex2html_wrap_indisplay5025:14.65291pt::14.65291pt::66.49359pt.
[97


]
l2hSize :tex2html_wrap_inline5027:6.45831pt::0.0pt::5.59033pt.
[98


]
l2hSize :tex2html_wrap_indisplay5029:8.0pt::8.0pt::99.66023pt.
[99


]
l2hSize :tex2html_wrap_inline5031:6.95831pt::6.95831pt::14.5556pt.
[100


]
l2hSize :tex2html_wrap_inline5038:8.0pt::8.0pt::30.50008pt.
[101


]
l2hSize :tex2html_wrap_inline5043:6.95831pt::6.95831pt::15.77785pt.
[102


]
l2hSize :tex2html_wrap_indisplay5062:7.6428pt::7.6428pt::48.96175pt.
[103


]
l2hSize :tex2html_wrap_indisplay5064:17.01393pt::17.01393pt::45.29924pt.
[104


]
l2hSize :tex2html_wrap_inline5066:6.45831pt::0.0pt::83.27806pt.
[105


]
l2hSize :tex2html_wrap_indisplay5070:9.87892pt::9.87892pt::115.29225pt.
[106


]
l2hSize :tex2html_wrap_inline5075:8.0pt::8.0pt::28.27785pt.
[107


]
l2hSize :tex2html_wrap_inline5078:8.14003pt::0.0pt::21.89517pt.
[108


]
l2hSize :tex2html_wrap_inline5080:8.0pt::8.0pt::46.21523pt.
[109


]
l2hSize :tex2html_wrap_inline5090:6.45831pt::0.0pt::13.88893pt.
[110


]
l2hSize :tex2html_wrap_indisplay5105:17.01393pt::17.01393pt::97.6605pt.
[111


]
l2hSize :tex2html_wrap_indisplay5109:7.44444pt::7.44444pt::170.67343pt.
[112


]
l2hSize :tex2html_wrap_inline5112:8.0pt::8.0pt::38.44107pt.
[113


]
l2hSize :tex2html_wrap_inline5114:8.0pt::8.0pt::20.50005pt.
[114


]
l2hSize :tex2html_wrap_inline5123:6.67859pt::0.0pt::12.77783pt.
[115


]
l2hSize :tex2html_wrap_indisplay5138:17.01393pt::17.01393pt::117.0217pt.
[116


]
l2hSize :tex2html_wrap_indisplay5142:7.44444pt::7.44444pt::174.67409pt.
[117


]
l2hSize :tex2html_wrap_inline5145:8.0pt::8.0pt::37.32997pt.
[118


]
l2hSize :tex2html_wrap_inline5156:6.45831pt::0.0pt::14.94452pt.
[119


]
l2hSize :tex2html_wrap_indisplay5171:15.4051pt::15.4051pt::126.02177pt.
[120


]
l2hSize :tex2html_wrap_indisplay5173:13.94366pt::13.94366pt::58.83043pt.
[121


]
l2hSize :tex2html_wrap_indisplay5177:14.20952pt::14.20952pt::125.61586pt.
[122


]
l2hSize :tex2html_wrap_inline5180:8.0pt::8.0pt::28.43759pt.
[123


]
l2hSize :tex2html_wrap_inline5191:6.45831pt::0.0pt::13.33336pt.
[124


]
l2hSize :tex2html_wrap_indisplay5204:13.70952pt::13.70952pt::58.88596pt.
[125


]
l2hSize :tex2html_wrap_inline5207:8.0pt::8.0pt::37.8855pt.
[126


]
l2hSize :tex2html_wrap_inline5218:6.45831pt::0.0pt::13.33336pt.
[127


]
l2hSize :tex2html_wrap_indisplay5231:13.70952pt::13.70952pt::59.99706pt.
[128


]
l2hSize :tex2html_wrap_inline5234:8.0pt::8.0pt::37.8855pt.
[129


]
l2hSize :tex2html_wrap_inline5245:6.45831pt::0.0pt::13.83339pt.
[130


]
l2hSize :tex2html_wrap_indisplay5260:11.57062pt::11.57062pt::57.7193pt.
[131


]
l2hSize :tex2html_wrap_indisplay5264:14.20952pt::14.20952pt::124.50473pt.
[132


]
l2hSize :tex2html_wrap_inline5267:8.0pt::8.0pt::27.32646pt.
[133


]
l2hSize :tex2html_wrap_indisplay5290:13.86032pt::13.86032pt::155.926pt.
[134


]
l2hSize :tex2html_wrap_inline5298:8.0pt::8.0pt::72.59721pt.
[135


]
l2hSize :tex2html_wrap_inline5300:8.0pt::8.0pt::27.382pt.
[136


]
l2hSize :tex2html_wrap_indisplay5323:12.00008pt::12.00008pt::139.49419pt.
[137


]
l2hSize :tex2html_wrap_inline5331:8.0pt::8.0pt::70.37502pt.
[138


]
l2hSize :tex2html_wrap_inline5333:8.0pt::8.0pt::26.2709pt.
[139


]
l2hSize :tex2html_wrap_indisplay5356:13.86032pt::13.86032pt::166.6581pt.
[140


]
l2hSize :tex2html_wrap_inline5362:8.0pt::8.0pt::74.70839pt.
[141


]
l2hSize :tex2html_wrap_inline5378:6.45831pt::0.0pt::24.94455pt.
[142


]
l2hSize :tex2html_wrap_inline5396:8.0pt::8.0pt::16.47691pt.
[143


]
l2hSize :tex2html_wrap_inline5399:6.95831pt::6.95831pt::14.33688pt.
[144


]
l2hSize :tex2html_wrap_inline5401:6.45831pt::0.0pt::6.55908pt.
[145


]
l2hSize :tex2html_wrap_indisplay5407:18.00014pt::18.00014pt::149.35437pt.
[146


]
l2hSize :tex2html_wrap_inline5409:6.95831pt::6.95831pt::15.92131pt.
[147


]
l2hSize :tex2html_wrap_inline5413:8.0pt::8.0pt::108.8681pt.
[148


]
l2hSize :tex2html_wrap_inline5420:8.0pt::8.0pt::30.39592pt.
[149


]
l2hSize :tex2html_wrap_inline5423:8.0pt::8.0pt::50.39598pt.
[150


]
l2hSize :tex2html_wrap_inline5428:7.33331pt::7.33331pt::61.05547pt.
[151


]
l2hSize :tex2html_wrap_inline5430:6.95831pt::6.95831pt::51.34131pt.
[152


]
l2hSize :tex2html_wrap_inline5432:6.95831pt::6.95831pt::24.11916pt.
[153


]
l2hSize :tex2html_wrap_inline5434:6.95831pt::6.95831pt::59.11911pt.
[154


]
l2hSize :tex2html_wrap_inline5436:6.95831pt::6.95831pt::24.11916pt.
[155


]
l2hSize :tex2html_wrap_inline5438:8.0pt::8.0pt::58.83334pt.
[156


]
l2hSize :tex2html_wrap_inline5440:8.0pt::8.0pt::43.83331pt.
[157


]
l2hSize :tex2html_wrap_inline5445:8.94843pt::8.94843pt::6.88615pt.
[158


]
l2hSize :tex2html_wrap_inline5450:9.1555pt::9.1555pt::21.6112pt.
[159


]
l2hSize :tex2html_wrap_inline5469:6.45831pt::0.0pt::5.1563pt.
[160


]
l2hSize :tex2html_wrap_inline5480:6.45831pt::0.0pt::83.27806pt.
[161


]
l2hSize :tex2html_wrap_inline5504:8.0pt::8.0pt::62.75226pt.
[162


]
l2hSize :tex2html_wrap_inline5506:8.0pt::8.0pt::65.41055pt.
[163


]
l2hSize :tex2html_wrap_indisplay5510:8.0pt::8.0pt::153.36635pt.
[164


]
l2hSize :tex2html_wrap_inline5514:6.45831pt::0.0pt::5.50005pt.
[165


]
l2hSize :tex2html_wrap_inline5523:6.94444pt::0.0pt::5.7049pt.
[166


]
l2hSize :tex2html_wrap_indisplay5525:13.70952pt::13.70952pt::334.68707pt.
[167


]
l2hSize :tex2html_wrap_inline5527:6.83331pt::0.0pt::9.625pt.
[168


]
l2hSize :tex2html_wrap_inline5538:6.94444pt::0.0pt::24.03813pt.
[169


]
l2hSize :tex2html_wrap_indisplay5548:13.70952pt::13.70952pt::420.6488pt.

Overfull \hbox (74.64882pt too wide) in paragraph at lines 1418--1419
[]|[] 
 []

[170


]
l2hSize :tex2html_wrap_inline5609:8.0pt::8.0pt::48.27791pt.
[171


] (/Users/basu/FreeMat2/manual/float.tex
Overfull \hbox (7.99689pt too wide) in paragraph at lines 58--58
[]  \OT1/cmtt/m/n/10 104.00000          101.00000          108.00000          1
11.00000[] 
 []

)
l2hSize :center5639:653.9165pt::0.0pt::349.0pt.

Underfull \vbox (badness 10000) has occurred while \output is active []

[172


]
Overfull \vbox (26.55408pt too high) has occurred while \output is active []

[173]
l2hSize :tex2html_wrap_indisplay5685:8.02776pt::8.02776pt::328.43997pt.
[174


]
l2hSize :tex2html_wrap_indisplay5689:8.02776pt::8.02776pt::342.12514pt.
[175


]
Overfull \hbox (44.27861pt too wide) detected at line 1494
\OML/cmm/m/it/10 y\OT1/cmr/m/n/10 (\OML/cmm/m/it/10 m[]; [] ; m[]; \OT1/cmr/m/n
/10 1\OML/cmm/m/it/10 ; m[]; [] ; m[]\OT1/cmr/m/n/10 ) = []
 []

l2hSize :displaymath5691:31.00029pt::0.0pt::349.0pt.
[176


]
l2hSize :tex2html_wrap_indisplay5713:8.02776pt::8.02776pt::326.49551pt.
[177


]
l2hSize :tex2html_wrap_indisplay5717:8.02776pt::8.02776pt::340.18068pt.
[178


]
l2hSize :tex2html_wrap_indisplay5730:13.52782pt::13.52782pt::321.49548pt.
[179


]
l2hSize :tex2html_wrap_indisplay5747:13.52782pt::13.52782pt::319.82881pt.
[180


]
l2hSize :tex2html_wrap_indisplay5795:17.01393pt::17.01393pt::23.77098pt.
[181


]

! LaTeX Error: File `reshape' not found.

See the LaTeX manual or LaTeX Companion for explanation.
Type  H <return>  for immediate help.
 ...                                              
                                                  
l.1565 \includegraphics[width=8cm]{reshape}
                                           %
I could not locate the file with any of these extensions:
.eps,.ps,.eps.gz,.ps.gz,.eps.Z
Try typing  <return>  to proceed.
If that doesn't work, type  X <return>  to quit.

l2hSize :tex2html_wrap5799:0.0pt::0.0pt::349.0pt.
[182


]
l2hSize :tex2html_wrap_inline5812:6.45831pt::0.0pt::5.50005pt.
[183


]
l2hSize :tex2html_wrap_inline5816:6.95831pt::6.95831pt::9.83167pt.
[184


]
l2hSize :tex2html_wrap_inline5818:6.95831pt::6.95831pt::8.67654pt.
[185


]
l2hSize :tex2html_wrap_inline5829:6.45831pt::0.0pt::5.18753pt.
[186


]
l2hSize :tex2html_wrap_inline5834:8.0pt::8.0pt::21.61116pt.
[187


]
l2hSize :tex2html_wrap_inline5839:8.0pt::8.0pt::15.50008pt.
[188


]
l2hSize :tex2html_wrap_inline5841:8.0pt::8.0pt::56.61116pt.
[189


]
l2hSize :tex2html_wrap_inline5845:6.95831pt::6.95831pt::53.7093pt.
[190


]
l2hSize :tex2html_wrap_indisplay5850:13.78076pt::13.78076pt::104.34435pt.
[191


]
l2hSize :tex2html_wrap_inline5852:6.45831pt::0.0pt::24.90617pt.
[192


]
l2hSize :tex2html_wrap_inline5854:6.95831pt::6.95831pt::24.85875pt.
[193


]
l2hSize :tex2html_wrap_inline5858:6.45831pt::0.0pt::25.5001pt.
[194


]
l2hSize :tex2html_wrap_inline5860:6.45831pt::0.0pt::10.50006pt.
[195


]
l2hSize :tex2html_wrap_inline5867:6.95831pt::6.95831pt::9.1152pt.
[196


]
l2hSize :tex2html_wrap_inline5883:6.45831pt::0.0pt::5.50005pt.
[197


]
l2hSize :tex2html_wrap_inline5885:6.45831pt::0.0pt::10.50006pt.
[198


]
l2hSize :tex2html_wrap_inline5893:6.95831pt::6.95831pt::13.27785pt.
[199


]
l2hSize :tex2html_wrap_inline5898:6.45831pt::0.0pt::10.50006pt.
[200


]
l2hSize :tex2html_wrap_inline5900:6.45831pt::0.0pt::10.50006pt.
[201


]
l2hSize :tex2html_wrap_inline5928:6.45831pt::0.0pt::5.50005pt.
[202


]
l2hSize :tex2html_wrap_inline5937:6.95831pt::6.95831pt::42.72226pt.
[203


]
l2hSize :tex2html_wrap_inline5947:6.45831pt::0.0pt::15.50008pt.
[204


]
l2hSize :tex2html_wrap_inline5949:6.45831pt::0.0pt::63.27773pt.
[205


]
l2hSize :tex2html_wrap_inline5957:6.45831pt::0.0pt::20.50009pt.
[206


]
l2hSize :tex2html_wrap_inline6000:8.0pt::8.0pt::63.27788pt.
[207


]
l2hSize :tex2html_wrap_inline6012:6.45831pt::0.0pt::25.5001pt.
[208


]
l2hSize :tex2html_wrap_inline6014:6.45831pt::0.0pt::25.5001pt.
[209


]
l2hSize :tex2html_wrap_indisplay6043:17.01393pt::17.01393pt::364.60828pt.

Overfull \hbox (18.60829pt too wide) in paragraph at lines 1832--1833
[]|[] 
 []

[210


]
l2hSize :tex2html_wrap_indisplay6055:17.01393pt::17.01393pt::368.42723pt.

Overfull \hbox (22.42725pt too wide) in paragraph at lines 1841--1842
[]|[] 
 []

[211


]
l2hSize :tex2html_wrap_inline6058:8.64003pt::8.64003pt::26.67186pt.
[212


]
l2hSize :tex2html_wrap_indisplay6062:17.48616pt::17.48616pt::52.52553pt.
[213


]
l2hSize :tex2html_wrap_indisplay6064:17.48616pt::17.48616pt::53.7645pt.
[214


]
l2hSize :tex2html_wrap_inline6068:8.0pt::8.0pt::48.92415pt.
[215


]

! LaTeX Error: File `newimage1' not found.

See the LaTeX manual or LaTeX Companion for explanation.
Type  H <return>  for immediate help.
 ...                                              
                                                  
l.1889 \includegraphics[width=5cm]{newimage1}
                                             %
I could not locate the file with any of these extensions:
.eps,.ps,.eps.gz,.ps.gz,.eps.Z
Try typing  <return>  to proceed.
If that doesn't work, type  X <return>  to quit.

l2hSize :tex2html_wrap6088:0.0pt::0.0pt::349.0pt.
[216


]
l2hSize :tex2html_wrap_inline6098:6.95831pt::6.95831pt::42.72226pt.
[217


]
l2hSize :tex2html_wrap_inline6103:6.95831pt::6.95831pt::32.72223pt.
[218


]
l2hSize :tex2html_wrap_indisplay6106:30.32779pt::30.32779pt::78.5255pt.
[219


]
l2hSize :tex2html_wrap_inline6108:8.0pt::8.0pt::20.07756pt.
[220


]
l2hSize :tex2html_wrap_indisplay6112:13.0984pt::13.0984pt::88.86626pt.
[221


]
l2hSize :tex2html_wrap_inline6116:8.0pt::8.0pt::43.27785pt.
[222


]
l2hSize :tex2html_wrap_inline6132:6.95831pt::6.95831pt::24.54854pt.
[223


]
l2hSize :tex2html_wrap_inline6136:6.45831pt::0.0pt::24.54854pt.
[224


]
l2hSize :tex2html_wrap_inline6138:6.95831pt::6.95831pt::24.54854pt.
[225


]

! LaTeX Error: File `zoom1' not found.

See the LaTeX manual or LaTeX Companion for explanation.
Type  H <return>  for immediate help.
 ...                                              
                                                  
l.1972 \includegraphics[width=6cm]{zoom1}
                                         %
I could not locate the file with any of these extensions:
.eps,.ps,.eps.gz,.ps.gz,.eps.Z
Try typing  <return>  to proceed.
If that doesn't work, type  X <return>  to quit.

l2hSize :tex2html_wrap6143:0.0pt::0.0pt::349.0pt.
[226


]

! LaTeX Error: File `zoom2' not found.

See the LaTeX manual or LaTeX Companion for explanation.
Type  H <return>  for immediate help.
 ...                                              
                                                  
l.1978 \includegraphics[width=6cm]{zoom2}
                                         %
I could not locate the file with any of these extensions:
.eps,.ps,.eps.gz,.ps.gz,.eps.Z
Try typing  <return>  to proceed.
If that doesn't work, type  X <return>  to quit.

l2hSize :tex2html_wrap6145:0.0pt::0.0pt::349.0pt.
[227


]
l2hSize :tex2html_wrap_inline6147:6.95831pt::6.95831pt::42.88177pt.
[228


]

! LaTeX Error: File `zoom3' not found.

See the LaTeX manual or LaTeX Companion for explanation.
Type  H <return>  for immediate help.
 ...                                              
                                                  
l.1990 \includegraphics[width=3.6cm]{zoom3}
                                           %
I could not locate the file with any of these extensions:
.eps,.ps,.eps.gz,.ps.gz,.eps.Z
Try typing  <return>  to proceed.
If that doesn't work, type  X <return>  to quit.

l2hSize :tex2html_wrap6149:0.0pt::0.0pt::349.0pt.
[229


]

! LaTeX Error: File `zoom4' not found.

See the LaTeX manual or LaTeX Companion for explanation.
Type  H <return>  for immediate help.
 ...                                              
                                                  
l.1996 \includegraphics[width=7.8cm]{zoom4}
                                           %
I could not locate the file with any of these extensions:
.eps,.ps,.eps.gz,.ps.gz,.eps.Z
Try typing  <return>  to proceed.
If that doesn't work, type  X <return>  to quit.

l2hSize :tex2html_wrap6151:0.0pt::0.0pt::349.0pt.
[230


]

! LaTeX Error: File `zoom5' not found.

See the LaTeX manual or LaTeX Companion for explanation.
Type  H <return>  for immediate help.
 ...                                              
                                                  
l.2002 \includegraphics[width=6cm]{zoom5}
                                         %
I could not locate the file with any of these extensions:
.eps,.ps,.eps.gz,.ps.gz,.eps.Z
Try typing  <return>  to proceed.
If that doesn't work, type  X <return>  to quit.

l2hSize :tex2html_wrap6155:0.0pt::0.0pt::349.0pt.
[231


]

! LaTeX Error: File `zoom6' not found.

See the LaTeX manual or LaTeX Companion for explanation.
Type  H <return>  for immediate help.
 ...                                              
                                                  
l.2008 \includegraphics[width=6cm]{zoom6}
                                         %
I could not locate the file with any of these extensions:
.eps,.ps,.eps.gz,.ps.gz,.eps.Z
Try typing  <return>  to proceed.
If that doesn't work, type  X <return>  to quit.

l2hSize :tex2html_wrap6159:0.0pt::0.0pt::349.0pt.
[232


]
l2hSize :tex2html_wrap_indisplay6167:8.0pt::8.0pt::47.30663pt.
[233


]
l2hSize :tex2html_wrap_inline6169:6.95831pt::6.95831pt::13.50581pt.
[234


]
l2hSize :tex2html_wrap_inline6171:6.45831pt::0.0pt::5.70604pt.
[235


]

! LaTeX Error: File `point1' not found.

See the LaTeX manual or LaTeX Companion for explanation.
Type  H <return>  for immediate help.
 ...                                              
                                                  
l.2038 \includegraphics[width=5cm]{point1}
                                          %
I could not locate the file with any of these extensions:
.eps,.ps,.eps.gz,.ps.gz,.eps.Z
Try typing  <return>  to proceed.
If that doesn't work, type  X <return>  to quit.

l2hSize :tex2html_wrap6176:0.0pt::0.0pt::349.0pt.
[236


]

! LaTeX Error: File `newplot1' not found.

See the LaTeX manual or LaTeX Companion for explanation.
Type  H <return>  for immediate help.
 ...                                              
                                                  
l.2048 \includegraphics[width=5cm]{newplot1}
                                            %
I could not locate the file with any of these extensions:
.eps,.ps,.eps.gz,.ps.gz,.eps.Z
Try typing  <return>  to proceed.
If that doesn't work, type  X <return>  to quit.

l2hSize :tex2html_wrap6182:0.0pt::0.0pt::349.0pt.
[237


]
l2hSize :tex2html_wrap_inline6189:8.0pt::8.0pt::73.14343pt.
[238


]
l2hSize :tex2html_wrap_inline6193:6.95831pt::6.95831pt::8.27783pt.
[239


]
l2hSize :tex2html_wrap_inline6195:6.95831pt::6.95831pt::8.27783pt.
[240


]
l2hSize :tex2html_wrap_inline6197:6.45831pt::0.0pt::5.50005pt.
[241


]
l2hSize :tex2html_wrap_inline6245:8.0pt::8.0pt::98.63918pt.
[242


]
l2hSize :tex2html_wrap_inline6247:6.95831pt::6.95831pt::19.96536pt.
[243


]
l2hSize :tex2html_wrap_inline6252:9.57217pt::9.57217pt::13.8334pt.
[244


]
l2hSize :tex2html_wrap_inline6260:6.95831pt::6.95831pt::21.47232pt.
[245


] (./images.aux) ) 
Here is how much of TeX's memory you used:
 3068 strings out of 95847
 39911 string characters out of 1196008
 98086 words of memory out of 1000001
 5968 multiletter control sequences out of 10000+50000
 5175 words of font info for 20 fonts, out of 500000 for 1000
 14 hyphenation exceptions out of 1000
 27i,10n,36p,242b,381s stack positions out of 1500i,500n,5000p,200000b,5000s

Output written on images.dvi (245 pages, 170552 bytes).
